<?xml version="1.0" encoding="UTF-8"?>
<testsuite name="Matrix" tests="4" skipped="0" failures="0" errors="0" timestamp="2025-01-06T16:18:22" hostname="DESKTOP-Q5BNM2D" time="0.628">
  <properties/>
  <testcase name="Determinant" classname="Matrix" time="0.593"/>
  <testcase name="Transpose" classname="Matrix" time="0.016"/>
  <testcase name="Inverse" classname="Matrix" time="0.012"/>
  <testcase name="Cofactor" classname="Matrix" time="0.007"/>
  <system-out><![CDATA[]]></system-out>
  <system-err><![CDATA[]]></system-err>
</testsuite>
