<?xml version="1.0" encoding="UTF-8"?>
<testsuite name="Matrix" tests="4" skipped="0" failures="0" errors="0" timestamp="2025-01-06T11:25:23" hostname="DESKTOP-Q5BNM2D" time="0.602">
  <properties/>
  <testcase name="Determinant" classname="Matrix" time="0.574"/>
  <testcase name="Transpose" classname="Matrix" time="0.012"/>
  <testcase name="Inverse" classname="Matrix" time="0.006"/>
  <testcase name="Cofactor" classname="Matrix" time="0.01"/>
  <system-out><![CDATA[]]></system-out>
  <system-err><![CDATA[]]></system-err>
</testsuite>
